This is pdfTeX, Version 3.14159265-2.6-1.40.16 (MiKTeX 2.9) (preloaded format=pdflatex 2015.12.2)  6 FEB 2016 14:47
entering extended mode
**doku.tex
(doku.tex
LaTeX2e <2015/01/01> patch level 2
Babel <3.9m> and hyphenation patterns for 69 languages loaded.
("C:\Program Files (x86)\MiKTeX 2.9\tex\latex\base\article.cls"
Document Class: article 2014/09/29 v1.4h Standard LaTeX document class
("C:\Program Files (x86)\MiKTeX 2.9\tex\latex\base\size10.clo"
File: size10.clo 2014/09/29 v1.4h Standard LaTeX file (size option)
)
\c@part=\count79
\c@section=\count80
\c@subsection=\count81
\c@subsubsection=\count82
\c@paragraph=\count83
\c@subparagraph=\count84
\c@figure=\count85
\c@table=\count86
\abovecaptionskip=\skip41
\belowcaptionskip=\skip42
\bibindent=\dimen102
)
("C:\Program Files (x86)\MiKTeX 2.9\tex\latex\base\inputenc.sty"
Package: inputenc 2015/03/17 v1.2c Input encoding file
\inpenc@prehook=\toks14
\inpenc@posthook=\toks15

("C:\Program Files (x86)\MiKTeX 2.9\tex\latex\base\utf8.def"
File: utf8.def 2015/06/27 v1.1n UTF-8 support for inputenc
Now handling font encoding OML ...
... no UTF-8 mapping file for font encoding OML
Now handling font encoding T1 ...
... processing UTF-8 mapping file for font encoding T1

("C:\Program Files (x86)\MiKTeX 2.9\tex\latex\base\t1enc.dfu"
File: t1enc.dfu 2015/06/27 v1.1n UTF-8 support for inputenc
   defining Unicode char U+00A1 (decimal 161)
   defining Unicode char U+00A3 (decimal 163)
   defining Unicode char U+00AB (decimal 171)
   defining Unicode char U+00BB (decimal 187)
   defining Unicode char U+00BF (decimal 191)
   defining Unicode char U+00C0 (decimal 192)
   defining Unicode char U+00C1 (decimal 193)
   defining Unicode char U+00C2 (decimal 194)
   defining Unicode char U+00C3 (decimal 195)
   defining Unicode char U+00C4 (decimal 196)
   defining Unicode char U+00C5 (decimal 197)
   defining Unicode char U+00C6 (decimal 198)
   defining Unicode char U+00C7 (decimal 199)
   defining Unicode char U+00C8 (decimal 200)
   defining Unicode char U+00C9 (decimal 201)
   defining Unicode char U+00CA (decimal 202)
   defining Unicode char U+00CB (decimal 203)
   defining Unicode char U+00CC (decimal 204)
   defining Unicode char U+00CD (decimal 205)
   defining Unicode char U+00CE (decimal 206)
   defining Unicode char U+00CF (decimal 207)
   defining Unicode char U+00D0 (decimal 208)
   defining Unicode char U+00D1 (decimal 209)
   defining Unicode char U+00D2 (decimal 210)
   defining Unicode char U+00D3 (decimal 211)
   defining Unicode char U+00D4 (decimal 212)
   defining Unicode char U+00D5 (decimal 213)
   defining Unicode char U+00D6 (decimal 214)
   defining Unicode char U+00D8 (decimal 216)
   defining Unicode char U+00D9 (decimal 217)
   defining Unicode char U+00DA (decimal 218)
   defining Unicode char U+00DB (decimal 219)
   defining Unicode char U+00DC (decimal 220)
   defining Unicode char U+00DD (decimal 221)
   defining Unicode char U+00DE (decimal 222)
   defining Unicode char U+00DF (decimal 223)
   defining Unicode char U+00E0 (decimal 224)
   defining Unicode char U+00E1 (decimal 225)
   defining Unicode char U+00E2 (decimal 226)
   defining Unicode char U+00E3 (decimal 227)
   defining Unicode char U+00E4 (decimal 228)
   defining Unicode char U+00E5 (decimal 229)
   defining Unicode char U+00E6 (decimal 230)
   defining Unicode char U+00E7 (decimal 231)
   defining Unicode char U+00E8 (decimal 232)
   defining Unicode char U+00E9 (decimal 233)
   defining Unicode char U+00EA (decimal 234)
   defining Unicode char U+00EB (decimal 235)
   defining Unicode char U+00EC (decimal 236)
   defining Unicode char U+00ED (decimal 237)
   defining Unicode char U+00EE (decimal 238)
   defining Unicode char U+00EF (decimal 239)
   defining Unicode char U+00F0 (decimal 240)
   defining Unicode char U+00F1 (decimal 241)
   defining Unicode char U+00F2 (decimal 242)
   defining Unicode char U+00F3 (decimal 243)
   defining Unicode char U+00F4 (decimal 244)
   defining Unicode char U+00F5 (decimal 245)
   defining Unicode char U+00F6 (decimal 246)
   defining Unicode char U+00F8 (decimal 248)
   defining Unicode char U+00F9 (decimal 249)
   defining Unicode char U+00FA (decimal 250)
   defining Unicode char U+00FB (decimal 251)
   defining Unicode char U+00FC (decimal 252)
   defining Unicode char U+00FD (decimal 253)
   defining Unicode char U+00FE (decimal 254)
   defining Unicode char U+00FF (decimal 255)
   defining Unicode char U+0102 (decimal 258)
   defining Unicode char U+0103 (decimal 259)
   defining Unicode char U+0104 (decimal 260)
   defining Unicode char U+0105 (decimal 261)
   defining Unicode char U+0106 (decimal 262)
   defining Unicode char U+0107 (decimal 263)
   defining Unicode char U+010C (decimal 268)
   defining Unicode char U+010D (decimal 269)
   defining Unicode char U+010E (decimal 270)
   defining Unicode char U+010F (decimal 271)
   defining Unicode char U+0110 (decimal 272)
   defining Unicode char U+0111 (decimal 273)
   defining Unicode char U+0118 (decimal 280)
   defining Unicode char U+0119 (decimal 281)
   defining Unicode char U+011A (decimal 282)
   defining Unicode char U+011B (decimal 283)
   defining Unicode char U+011E (decimal 286)
   defining Unicode char U+011F (decimal 287)
   defining Unicode char U+0130 (decimal 304)
   defining Unicode char U+0131 (decimal 305)
   defining Unicode char U+0132 (decimal 306)
   defining Unicode char U+0133 (decimal 307)
   defining Unicode char U+0139 (decimal 313)
   defining Unicode char U+013A (decimal 314)
   defining Unicode char U+013D (decimal 317)
   defining Unicode char U+013E (decimal 318)
   defining Unicode char U+0141 (decimal 321)
   defining Unicode char U+0142 (decimal 322)
   defining Unicode char U+0143 (decimal 323)
   defining Unicode char U+0144 (decimal 324)
   defining Unicode char U+0147 (decimal 327)
   defining Unicode char U+0148 (decimal 328)
   defining Unicode char U+014A (decimal 330)
   defining Unicode char U+014B (decimal 331)
   defining Unicode char U+0150 (decimal 336)
   defining Unicode char U+0151 (decimal 337)
   defining Unicode char U+0152 (decimal 338)
   defining Unicode char U+0153 (decimal 339)
   defining Unicode char U+0154 (decimal 340)
   defining Unicode char U+0155 (decimal 341)
   defining Unicode char U+0158 (decimal 344)
   defining Unicode char U+0159 (decimal 345)
   defining Unicode char U+015A (decimal 346)
   defining Unicode char U+015B (decimal 347)
   defining Unicode char U+015E (decimal 350)
   defining Unicode char U+015F (decimal 351)
   defining Unicode char U+0160 (decimal 352)
   defining Unicode char U+0161 (decimal 353)
   defining Unicode char U+0162 (decimal 354)
   defining Unicode char U+0163 (decimal 355)
   defining Unicode char U+0164 (decimal 356)
   defining Unicode char U+0165 (decimal 357)
   defining Unicode char U+016E (decimal 366)
   defining Unicode char U+016F (decimal 367)
   defining Unicode char U+0170 (decimal 368)
   defining Unicode char U+0171 (decimal 369)
   defining Unicode char U+0178 (decimal 376)
   defining Unicode char U+0179 (decimal 377)
   defining Unicode char U+017A (decimal 378)
   defining Unicode char U+017B (decimal 379)
   defining Unicode char U+017C (decimal 380)
   defining Unicode char U+017D (decimal 381)
   defining Unicode char U+017E (decimal 382)
   defining Unicode char U+200C (decimal 8204)
   defining Unicode char U+2013 (decimal 8211)
   defining Unicode char U+2014 (decimal 8212)
   defining Unicode char U+2018 (decimal 8216)
   defining Unicode char U+2019 (decimal 8217)
   defining Unicode char U+201A (decimal 8218)
   defining Unicode char U+201C (decimal 8220)
   defining Unicode char U+201D (decimal 8221)
   defining Unicode char U+201E (decimal 8222)
   defining Unicode char U+2030 (decimal 8240)
   defining Unicode char U+2031 (decimal 8241)
   defining Unicode char U+2039 (decimal 8249)
   defining Unicode char U+203A (decimal 8250)
   defining Unicode char U+2423 (decimal 9251)
)
Now handling font encoding OT1 ...
... processing UTF-8 mapping file for font encoding OT1

("C:\Program Files (x86)\MiKTeX 2.9\tex\latex\base\ot1enc.dfu"
File: ot1enc.dfu 2015/06/27 v1.1n UTF-8 support for inputenc
   defining Unicode char U+00A1 (decimal 161)
   defining Unicode char U+00A3 (decimal 163)
   defining Unicode char U+00B8 (decimal 184)
   defining Unicode char U+00BF (decimal 191)
   defining Unicode char U+00C5 (decimal 197)
   defining Unicode char U+00C6 (decimal 198)
   defining Unicode char U+00D8 (decimal 216)
   defining Unicode char U+00DF (decimal 223)
   defining Unicode char U+00E6 (decimal 230)
   defining Unicode char U+00EC (decimal 236)
   defining Unicode char U+00ED (decimal 237)
   defining Unicode char U+00EE (decimal 238)
   defining Unicode char U+00EF (decimal 239)
   defining Unicode char U+00F8 (decimal 248)
   defining Unicode char U+0131 (decimal 305)
   defining Unicode char U+0141 (decimal 321)
   defining Unicode char U+0142 (decimal 322)
   defining Unicode char U+0152 (decimal 338)
   defining Unicode char U+0153 (decimal 339)
   defining Unicode char U+2013 (decimal 8211)
   defining Unicode char U+2014 (decimal 8212)
   defining Unicode char U+2018 (decimal 8216)
   defining Unicode char U+2019 (decimal 8217)
   defining Unicode char U+201C (decimal 8220)
   defining Unicode char U+201D (decimal 8221)
)
Now handling font encoding OMS ...
... processing UTF-8 mapping file for font encoding OMS

("C:\Program Files (x86)\MiKTeX 2.9\tex\latex\base\omsenc.dfu"
File: omsenc.dfu 2015/06/27 v1.1n UTF-8 support for inputenc
   defining Unicode char U+00A7 (decimal 167)
   defining Unicode char U+00B6 (decimal 182)
   defining Unicode char U+00B7 (decimal 183)
   defining Unicode char U+2020 (decimal 8224)
   defining Unicode char U+2021 (decimal 8225)
   defining Unicode char U+2022 (decimal 8226)
)
Now handling font encoding OMX ...
... no UTF-8 mapping file for font encoding OMX
Now handling font encoding U ...
... no UTF-8 mapping file for font encoding U
   defining Unicode char U+00A9 (decimal 169)
   defining Unicode char U+00AA (decimal 170)
   defining Unicode char U+00AE (decimal 174)
   defining Unicode char U+00BA (decimal 186)
   defining Unicode char U+02C6 (decimal 710)
   defining Unicode char U+02DC (decimal 732)
   defining Unicode char U+200C (decimal 8204)
   defining Unicode char U+2026 (decimal 8230)
   defining Unicode char U+2122 (decimal 8482)
   defining Unicode char U+2423 (decimal 9251)
))
("C:\Program Files (x86)\MiKTeX 2.9\tex\latex\base\fontenc.sty"
Package: fontenc 2005/09/27 v1.99g Standard LaTeX package

("C:\Program Files (x86)\MiKTeX 2.9\tex\latex\base\t1enc.def"
File: t1enc.def 2005/09/27 v1.99g Standard LaTeX file
LaTeX Font Info:    Redeclaring font encoding T1 on input line 48.
))
("C:\Program Files (x86)\MiKTeX 2.9\tex\latex\german\ngerman.sty"
v2.5e 1998-07-08
Package: ngerman 1998/07/08 v2.5e Support for writing german texts (br)
\grmnU@D=\dimen103
ngerman -- \language number for naustrian undefined, default 44 used.
)
("C:\Program Files (x86)\MiKTeX 2.9\tex\latex\amsmath\amsmath.sty"
Package: amsmath 2013/01/14 v2.14 AMS math features
\@mathmargin=\skip43

For additional information on amsmath, use the `?' option.
("C:\Program Files (x86)\MiKTeX 2.9\tex\latex\amsmath\amstext.sty"
Package: amstext 2000/06/29 v2.01

("C:\Program Files (x86)\MiKTeX 2.9\tex\latex\amsmath\amsgen.sty"
File: amsgen.sty 1999/11/30 v2.0
\@emptytoks=\toks16
\ex@=\dimen104
))
("C:\Program Files (x86)\MiKTeX 2.9\tex\latex\amsmath\amsbsy.sty"
Package: amsbsy 1999/11/29 v1.2d
\pmbraise@=\dimen105
)
("C:\Program Files (x86)\MiKTeX 2.9\tex\latex\amsmath\amsopn.sty"
Package: amsopn 1999/12/14 v2.01 operator names
)
\inf@bad=\count87
LaTeX Info: Redefining \frac on input line 210.
\uproot@=\count88
\leftroot@=\count89
LaTeX Info: Redefining \overline on input line 306.
\classnum@=\count90
\DOTSCASE@=\count91
LaTeX Info: Redefining \ldots on input line 378.
LaTeX Info: Redefining \dots on input line 381.
LaTeX Info: Redefining \cdots on input line 466.
\Mathstrutbox@=\box26
\strutbox@=\box27
\big@size=\dimen106
LaTeX Font Info:    Redeclaring font encoding OML on input line 566.
LaTeX Font Info:    Redeclaring font encoding OMS on input line 567.
\macc@depth=\count92
\c@MaxMatrixCols=\count93
\dotsspace@=\muskip10
\c@parentequation=\count94
\dspbrk@lvl=\count95
\tag@help=\toks17
\row@=\count96
\column@=\count97
\maxfields@=\count98
\andhelp@=\toks18
\eqnshift@=\dimen107
\alignsep@=\dimen108
\tagshift@=\dimen109
\tagwidth@=\dimen110
\totwidth@=\dimen111
\lineht@=\dimen112
\@envbody=\toks19
\multlinegap=\skip44
\multlinetaggap=\skip45
\mathdisplay@stack=\toks20
LaTeX Info: Redefining \[ on input line 2665.
LaTeX Info: Redefining \] on input line 2666.
)
("C:\Program Files (x86)\MiKTeX 2.9\tex\latex\amsfonts\amsfonts.sty"
Package: amsfonts 2013/01/14 v3.01 Basic AMSFonts support
\symAMSa=\mathgroup4
\symAMSb=\mathgroup5
LaTeX Font Info:    Overwriting math alphabet `\mathfrak' in version `bold'
(Font)                  U/euf/m/n --> U/euf/b/n on input line 106.
)
("C:\Program Files (x86)\MiKTeX 2.9\tex\latex\a4wide\a4wide.sty"
Package: a4wide 1994/08/30

("C:\Program Files (x86)\MiKTeX 2.9\tex\latex\ntgclass\a4.sty"
Package: a4 2004/04/15 v1.2g A4 based page layout
))
("C:\Program Files (x86)\MiKTeX 2.9\tex\latex\graphics\color.sty"
Package: color 2014/10/28 v1.1a Standard LaTeX Color (DPC)

("C:\Program Files (x86)\MiKTeX 2.9\tex\latex\00miktex\color.cfg"
File: color.cfg 2007/01/18 v1.5 color configuration of teTeX/TeXLive
)
Package color Info: Driver file: pdftex.def on input line 142.

("C:\Program Files (x86)\MiKTeX 2.9\tex\latex\pdftex-def\pdftex.def"
File: pdftex.def 2011/05/27 v0.06d Graphics/color for pdfTeX

("C:\Program Files (x86)\MiKTeX 2.9\tex\generic\oberdiek\infwarerr.sty"
Package: infwarerr 2010/04/08 v1.3 Providing info/warning/error messages (HO)
)
("C:\Program Files (x86)\MiKTeX 2.9\tex\generic\oberdiek\ltxcmds.sty"
Package: ltxcmds 2011/11/09 v1.22 LaTeX kernel commands for general use (HO)
)
\Gread@gobject=\count99
))
("C:\Program Files (x86)\MiKTeX 2.9\tex\latex\colortbl\colortbl.sty"
Package: colortbl 2012/02/13 v1.0a Color table columns (DPC)

("C:\Program Files (x86)\MiKTeX 2.9\tex\latex\tools\array.sty"
Package: array 2014/10/28 v2.4c Tabular extension package (FMi)
\col@sep=\dimen113
\extrarowheight=\dimen114
\NC@list=\toks21
\extratabsurround=\skip46
\backup@length=\skip47
)
\everycr=\toks22
\minrowclearance=\skip48
)
("C:\Program Files (x86)\MiKTeX 2.9\tex\latex\graphics\graphicx.sty"
Package: graphicx 2014/10/28 v1.0g Enhanced LaTeX Graphics (DPC,SPQR)

("C:\Program Files (x86)\MiKTeX 2.9\tex\latex\graphics\keyval.sty"
Package: keyval 2014/10/28 v1.15 key=value parser (DPC)
\KV@toks@=\toks23
)
("C:\Program Files (x86)\MiKTeX 2.9\tex\latex\graphics\graphics.sty"
Package: graphics 2014/10/28 v1.0p Standard LaTeX Graphics (DPC,SPQR)

("C:\Program Files (x86)\MiKTeX 2.9\tex\latex\graphics\trig.sty"
Package: trig 1999/03/16 v1.09 sin cos tan (DPC)
)
("C:\Program Files (x86)\MiKTeX 2.9\tex\latex\00miktex\graphics.cfg"
File: graphics.cfg 2007/01/18 v1.5 graphics configuration of teTeX/TeXLive
)
Package graphics Info: Driver file: pdftex.def on input line 94.
)
\Gin@req@height=\dimen115
\Gin@req@width=\dimen116
)
("C:\Program Files (x86)\MiKTeX 2.9\tex\latex\url\url.sty"
\Urlmuskip=\muskip11
Package: url 2013/09/16  ver 3.4  Verb mode for urls, etc.
) (doku.aux)
LaTeX Font Info:    Checking defaults for OML/cmm/m/it on input line 22.
LaTeX Font Info:    ... okay on input line 22.
LaTeX Font Info:    Checking defaults for T1/cmr/m/n on input line 22.
LaTeX Font Info:    ... okay on input line 22.
LaTeX Font Info:    Checking defaults for OT1/cmr/m/n on input line 22.
LaTeX Font Info:    ... okay on input line 22.
LaTeX Font Info:    Checking defaults for OMS/cmsy/m/n on input line 22.
LaTeX Font Info:    ... okay on input line 22.
LaTeX Font Info:    Checking defaults for OMX/cmex/m/n on input line 22.
LaTeX Font Info:    ... okay on input line 22.
LaTeX Font Info:    Checking defaults for U/cmr/m/n on input line 22.
LaTeX Font Info:    ... okay on input line 22.

("C:\Program Files (x86)\MiKTeX 2.9\tex\context\base\supp-pdf.mkii"
[Loading MPS to PDF converter (version 2006.09.02).]
\scratchcounter=\count100
\scratchdimen=\dimen117
\scratchbox=\box28
\nofMPsegments=\count101
\nofMParguments=\count102
\everyMPshowfont=\toks24
\MPscratchCnt=\count103
\MPscratchDim=\dimen118
\MPnumerator=\count104
\makeMPintoPDFobject=\count105
\everyMPtoPDFconversion=\toks25
)
LaTeX Font Info:    Try loading font information for U+msa on input line 24.
 ("C:\Program Files (x86)\MiKTeX 2.9\tex\latex\amsfonts\umsa.fd"
File: umsa.fd 2013/01/14 v3.01 AMS symbols A
)
LaTeX Font Info:    Try loading font information for U+msb on input line 24.

("C:\Program Files (x86)\MiKTeX 2.9\tex\latex\amsfonts\umsb.fd"
File: umsb.fd 2013/01/14 v3.01 AMS symbols B
)
Overfull \hbox (19.22147pt too wide) in paragraph at lines 28--29
[]\T1/cmr/m/n/9 Dies ist ei-ne Aus-ar-bei-tung für das Ab-schluss-pro-jekt des 
Prak-ti-kums Multicore-Programmierung
 []


Underfull \hbox (badness 10000) in paragraph at lines 72--73

 []

[1

{C:/Users/GrilledSheep/AppData/Local/MiKTeX/2.9/pdftex/config/pdftex.map}]
[2]
LaTeX Font Info:    Try loading font information for T1+cmtt on input line 153.

 ("C:\Program Files (x86)\MiKTeX 2.9\tex\latex\base\t1cmtt.fd"
File: t1cmtt.fd 2014/09/29 v2.5h Standard LaTeX font definitions
)

LaTeX Warning: Reference `jacobi:abbruch' on page 3 undefined on input line 189
.

[3]

LaTeX Warning: Reference `ergebnisse' on page 4 undefined on input line 229.

<bilder/dj4.png, id=29, 371.88937pt x 226.59656pt>
File: bilder/dj4.png Graphic file (type png)
 <use bilder/dj4.png>
Package pdftex.def Info: bilder/dj4.png used on input line 234.
(pdftex.def)             Requested size: 424.58624pt x 258.71346pt.

<bilder/dj32.png, id=30, 368.87813pt x 223.58531pt>
File: bilder/dj32.png Graphic file (type png)
 <use bilder/dj32.png>
Package pdftex.def Info: bilder/dj32.png used on input line 240.
(pdftex.def)             Requested size: 424.58624pt x 257.34967pt.

<bilder/dgs4.png, id=31, 372.64218pt x 228.855pt>
File: bilder/dgs4.png Graphic file (type png)
 <use bilder/dgs4.png>
Package pdftex.def Info: bilder/dgs4.png used on input line 247.
(pdftex.def)             Requested size: 424.58624pt x 260.7647pt.

<bilder/dgs32.png, id=32, 368.1253pt x 228.855pt>
File: bilder/dgs32.png Graphic file (type png)
 <use bilder/dgs32.png>
Package pdftex.def Info: bilder/dgs32.png used on input line 253.
(pdftex.def)             Requested size: 424.58624pt x 263.97737pt.

[4] [5 <./bilder/dj4.png> <./bilder/dj32.png>] [6 <./bilder/dgs4.png> <./bilder
/dgs32.png>]

LaTeX Warning: Reference `ergebnisse' on page 7 undefined on input line 264.


LaTeX Warning: Reference `parallel:jacobi' on page 7 undefined on input line 27
3.

<bilder/race.png, id=42, 420.82219pt x 194.97844pt>
File: bilder/race.png Graphic file (type png)
 <use bilder/race.png>
Package pdftex.def Info: bilder/race.png used on input line 282.
(pdftex.def)             Requested size: 424.58624pt x 196.72435pt.


LaTeX Warning: Reference `fig:matrix' on page 7 undefined on input line 289.

[7 <./bilder/race.png>]
<bilder/rspseudocode.png, id=47, 599.99156pt x 353.06906pt>
File: bilder/rspseudocode.png Graphic file (type png)

<use bilder/rspseudocode.png>
Package pdftex.def Info: bilder/rspseudocode.png used on input line 310.
(pdftex.def)             Requested size: 424.58624pt x 249.8565pt.
 [8 <./bilder/rspseudocode.png>]

LaTeX Warning: Reference `fig:matrix:even' on page 9 undefined on input line 32
7.


LaTeX Warning: Reference `fig:matrix:odd' on page 9 undefined on input line 368
.


LaTeX Warning: `!h' float specifier changed to `!ht'.

[9] <bilder/sn265.png, id=54, 697.10437pt x 114.4275pt>
File: bilder/sn265.png Graphic file (type png)
 <use bilder/sn265.png>
Package pdftex.def Info: bilder/sn265.png used on input line 411.
(pdftex.def)             Requested size: 424.58624pt x 69.69415pt.

<bilder/sn2129.png, id=56, 696.35156pt x 112.92188pt>
File: bilder/sn2129.png Graphic file (type png)
 <use bilder/sn2129.png>
Package pdftex.def Info: bilder/sn2129.png used on input line 416.
(pdftex.def)             Requested size: 424.58624pt x 68.85121pt.

<bilder/sn2513.png, id=57, 696.35156pt x 112.16907pt>
File: bilder/sn2513.png Graphic file (type png)
 <use bilder/sn2513.png>
Package pdftex.def Info: bilder/sn2513.png used on input line 421.
(pdftex.def)             Requested size: 424.58624pt x 68.39221pt.

<bilder/sn21025.png, id=58, 697.8572pt x 113.67468pt>
File: bilder/sn21025.png Graphic file (type png)
 <use bilder/sn21025.png>
Package pdftex.def Info: bilder/sn21025.png used on input line 426.
(pdftex.def)             Requested size: 424.58624pt x 69.16106pt.


LaTeX Warning: `h' float specifier changed to `ht'.


LaTeX Warning: `h' float specifier changed to `ht'.

<bilder/sn365.png, id=59, 697.10437pt x 113.67468pt>
File: bilder/sn365.png Graphic file (type png)
 <use bilder/sn365.png>
Package pdftex.def Info: bilder/sn365.png used on input line 432.
(pdftex.def)             Requested size: 424.58624pt x 69.23564pt.


LaTeX Warning: `h' float specifier changed to `ht'.

<bilder/sn3129.png, id=60, 697.10437pt x 113.67468pt>
File: bilder/sn3129.png Graphic file (type png)
 <use bilder/sn3129.png>
Package pdftex.def Info: bilder/sn3129.png used on input line 437.
(pdftex.def)             Requested size: 424.58624pt x 69.23564pt.


LaTeX Warning: `h' float specifier changed to `ht'.

<bilder/sn3513.png, id=61, 697.8572pt x 113.67468pt>
File: bilder/sn3513.png Graphic file (type png)
 <use bilder/sn3513.png>
Package pdftex.def Info: bilder/sn3513.png used on input line 442.
(pdftex.def)             Requested size: 424.58624pt x 69.16106pt.


LaTeX Warning: `h' float specifier changed to `ht'.

<bilder/sn31025.png, id=62, 697.10437pt x 113.67468pt>
File: bilder/sn31025.png Graphic file (type png)

<use bilder/sn31025.png>
Package pdftex.def Info: bilder/sn31025.png used on input line 447.
(pdftex.def)             Requested size: 424.58624pt x 69.23564pt.


LaTeX Warning: `h' float specifier changed to `ht'.

<bilder/sn7129.png, id=63, 1063.72406pt x 112.16907pt>
File: bilder/sn7129.png Graphic file (type png)
 <use bilder/sn7129.png>
Package pdftex.def Info: bilder/sn7129.png used on input line 453.
(pdftex.def)             Requested size: 509.50218pt x 53.72585pt.

Overfull \hbox (84.91594pt too wide) in paragraph at lines 453--454
 [][] 
 []


LaTeX Warning: `h' float specifier changed to `ht'.

<bilder/sn7513.png, id=64, 1063.72406pt x 113.67468pt>
File: bilder/sn7513.png Graphic file (type png)
 <use bilder/sn7513.png>
Package pdftex.def Info: bilder/sn7513.png used on input line 458.
(pdftex.def)             Requested size: 509.50218pt x 54.447pt.

Overfull \hbox (84.91594pt too wide) in paragraph at lines 458--459
 [][] 
 []


LaTeX Warning: `h' float specifier changed to `ht'.

<bilder/sn71025.png, id=65, 1062.21844pt x 114.4275pt>
File: bilder/sn71025.png Graphic file (type png)

<use bilder/sn71025.png>
Package pdftex.def Info: bilder/sn71025.png used on input line 463.
(pdftex.def)             Requested size: 509.50218pt x 54.88615pt.

Overfull \hbox (84.91594pt too wide) in paragraph at lines 463--464
 [][] 
 []


LaTeX Warning: `h' float specifier changed to `ht'.

<bilder/sn02128.png, id=66, 775.39688pt x 279.29344pt>
File: bilder/sn02128.png Graphic file (type png)

<use bilder/sn02128.png>
Package pdftex.def Info: bilder/sn02128.png used on input line 471.
(pdftex.def)             Requested size: 424.58624pt x 152.93425pt.


LaTeX Warning: `h' float specifier changed to `ht'.

<bilder/sn02256.png, id=67, 775.39688pt x 280.79906pt>
File: bilder/sn02256.png Graphic file (type png)

<use bilder/sn02256.png>
Package pdftex.def Info: bilder/sn02256.png used on input line 477.
(pdftex.def)             Requested size: 424.58624pt x 153.7587pt.


LaTeX Warning: `h' float specifier changed to `ht'.

<bilder/sn0732.png, id=68, 804.00375pt x 280.79906pt>
File: bilder/sn0732.png Graphic file (type png)
 <use bilder/sn0732.png>
Package pdftex.def Info: bilder/sn0732.png used on input line 484.
(pdftex.def)             Requested size: 424.58624pt x 148.2872pt.


LaTeX Warning: `h' float specifier changed to `ht'.

<bilder/sn07128.png, id=69, 803.25093pt x 292.09125pt>
File: bilder/sn07128.png Graphic file (type png)

<use bilder/sn07128.png>
Package pdftex.def Info: bilder/sn07128.png used on input line 490.
(pdftex.def)             Requested size: 424.58624pt x 154.39757pt.


LaTeX Warning: `h' float specifier changed to `ht'.

<bilder/sn021024.png, id=70, 428.35031pt x 266.49562pt>
File: bilder/sn021024.png Graphic file (type png)

<use bilder/sn021024.png>
Package pdftex.def Info: bilder/sn021024.png used on input line 496.
(pdftex.def)             Requested size: 424.58624pt x 264.15678pt.


LaTeX Warning: `h' float specifier changed to `ht'.


Overfull \hbox (2.36871pt too wide) in paragraph at lines 503--504
[]\T1/cmr/m/n/10 Vermutlicher Grund wie-so un-se-re Wavefront-Implementierung l
ang-sa-mer als se-quen-ti-el-les Gauÿ-
 []

[10 <./bilder/sn265.png> <./bilder/sn2129.png>]
<bilder/hack.png, id=76, 420.82219pt x 115.93312pt>
File: bilder/hack.png Graphic file (type png)
 <use bilder/hack.png>
Package pdftex.def Info: bilder/hack.png used on input line 516.
(pdftex.def)             Requested size: 424.58624pt x 116.97122pt.


LaTeX Warning: `h' float specifier changed to `ht'.

[11 <./bilder/sn2513.png> <./bilder/sn21025.png>] [12 <./bilder/sn365.png> <./b
ilder/sn3129.png> <./bilder/sn3513.png> <./bilder/sn31025.png> <./bilder/sn7129
.png> <./bilder/sn7513.png>] [13 <./bilder/sn71025.png> <./bilder/sn02128.png> 
<./bilder/sn02256.png>] [14 <./bilder/sn0732.png> <./bilder/sn07128.png>]
[15 <./bilder/sn021024.png> <./bilder/hack.png>] (doku.aux)

LaTeX Warning: There were undefined references.


LaTeX Warning: Label(s) may have changed. Rerun to get cross-references right.

 ) 
Here is how much of TeX's memory you used:
 2807 strings out of 493673
 34868 string characters out of 3141509
 105883 words of memory out of 3000000
 6078 multiletter control sequences out of 15000+200000
 19388 words of font info for 54 fonts, out of 3000000 for 9000
 1025 hyphenation exceptions out of 8191
 34i,11n,24p,824b,240s stack positions out of 5000i,500n,10000p,200000b,50000s
 <C:\Users\GrilledSheep\AppData\Local\MiKTeX\2.9\fonts\pk\ljfour\jknappen\ec\
dpi600\ectt1000.pk> <C:\Users\GrilledSheep\AppData\Local\MiKTeX\2.9\fonts\pk\lj
four\jknappen\ec\dpi600\ecbx1200.pk> <C:\Users\GrilledSheep\AppData\Local\MiKTe
X\2.9\fonts\pk\ljfour\jknappen\ec\dpi600\ecbx1000.pk> <C:\Users\GrilledSheep\Ap
pData\Local\MiKTeX\2.9\fonts\pk\ljfour\jknappen\ec\dpi600\ecrm1000.pk> <C:\User
s\GrilledSheep\AppData\Local\MiKTeX\2.9\fonts\pk\ljfour\jknappen\ec\dpi600\ecbx
1440.pk> <C:\Users\GrilledSheep\AppData\Local\MiKTeX\2.9\fonts\pk\ljfour\jknapp
en\ec\dpi600\ecrm0900.pk> <C:\Users\GrilledSheep\AppData\Local\MiKTeX\2.9\fonts
\pk\ljfour\jknappen\ec\dpi600\ecbx0900.pk> <C:\Users\GrilledSheep\AppData\Local
\MiKTeX\2.9\fonts\pk\ljfour\jknappen\ec\dpi600\ecrm1200.pk> <C:\Users\GrilledSh
eep\AppData\Local\MiKTeX\2.9\fonts\pk\ljfour\jknappen\ec\dpi600\ecrm1728.pk><C:
/Program Files (x86)/MiKTeX 2.9/fonts/type1/public/amsfonts/cm/cmex10.pfb><C:/P
rogram Files (x86)/MiKTeX 2.9/fonts/type1/public/amsfonts/cm/cmmi10.pfb><C:/Pro
gram Files (x86)/MiKTeX 2.9/fonts/type1/public/amsfonts/cm/cmmi7.pfb><C:/Progra
m Files (x86)/MiKTeX 2.9/fonts/type1/public/amsfonts/cm/cmr10.pfb><C:/Program F
iles (x86)/MiKTeX 2.9/fonts/type1/public/amsfonts/cm/cmr5.pfb><C:/Program Files
 (x86)/MiKTeX 2.9/fonts/type1/public/amsfonts/cm/cmr7.pfb><C:/Program Files (x8
6)/MiKTeX 2.9/fonts/type1/public/amsfonts/cm/cmsy10.pfb><C:/Program Files (x86)
/MiKTeX 2.9/fonts/type1/public/amsfonts/cm/cmsy7.pfb><C:/Program Files (x86)/Mi
KTeX 2.9/fonts/type1/public/amsfonts/symbols/msbm10.pfb>
Output written on doku.pdf (15 pages, 505768 bytes).
PDF statistics:
 477 PDF objects out of 1000 (max. 8388607)
 0 named destinations out of 1000 (max. 500000)
 116 words of extra memory for PDF output out of 10000 (max. 10000000)

